2023-07-09 00:05:31 [http-nio-8083-exec-1] INFO  : Initializing Spring DispatcherServlet 'dispatcherServlet'
2023-07-09 00:05:31 [http-nio-8083-exec-1] INFO  : Initializing Servlet 'dispatcherServlet'
2023-07-09 00:05:31 [http-nio-8083-exec-1] INFO  : Completed initialization in 78 ms
2023-07-09 00:05:31 [http-nio-8083-exec-1] INFO  : Request to ResponseEntity com.theatreService.controller.TheatreController.addCity(City) started at Sun Jul 09 00:05:31 IST 2023
2023-07-09 00:05:31 [http-nio-8083-exec-1] INFO  : Request to void com.theatreService.services.CityServiceImpl.addCity(City) started at Sun Jul 09 00:05:31 IST 2023
2023-07-09 00:05:32 [http-nio-8083-exec-1] INFO  : Request to void com.theatreService.services.CityServiceImpl.addCity(City) started at Sun Jul 09 00:05:32 IST 2023
2023-07-09 00:05:32 [http-nio-8083-exec-1] INFO  : Request to ResponseEntity com.theatreService.controller.TheatreController.addCity(City) started at Sun Jul 09 00:05:32 IST 2023
2023-07-09 00:05:58 [http-nio-8083-exec-3] INFO  : Request to ResponseEntity com.theatreService.controller.TheatreController.getAllCities() started at Sun Jul 09 00:05:58 IST 2023
2023-07-09 00:05:58 [http-nio-8083-exec-3] INFO  : Request to List com.theatreService.services.CityServiceImpl.getAllCity() started at Sun Jul 09 00:05:58 IST 2023
2023-07-09 00:05:59 [http-nio-8083-exec-3] INFO  : Request to List com.theatreService.services.CityServiceImpl.getAllCity() started at Sun Jul 09 00:05:59 IST 2023
2023-07-09 00:05:59 [http-nio-8083-exec-3] INFO  : Request to ResponseEntity com.theatreService.controller.TheatreController.getAllCities() started at Sun Jul 09 00:05:59 IST 2023
2023-07-09 00:06:28 [http-nio-8083-exec-4] INFO  : Request to ResponseEntity com.theatreService.controller.TheatreController.addTheatreInCity(String,Theatre) started at Sun Jul 09 00:06:28 IST 2023
2023-07-09 00:06:28 [http-nio-8083-exec-4] INFO  : Request to void com.theatreService.services.TheatreServiceImpl.addTheatreInCity(String,Theatre) started at Sun Jul 09 00:06:28 IST 2023
2023-07-09 00:06:28 [http-nio-8083-exec-4] INFO  : Request to void com.theatreService.services.TheatreServiceImpl.addTheatreInCity(String,Theatre) started at Sun Jul 09 00:06:28 IST 2023
2023-07-09 00:06:28 [http-nio-8083-exec-4] INFO  : Request to ResponseEntity com.theatreService.controller.TheatreController.addTheatreInCity(String,Theatre) started at Sun Jul 09 00:06:28 IST 2023
2023-07-09 00:06:47 [http-nio-8083-exec-5] INFO  : Request to ResponseEntity com.theatreService.controller.TheatreController.getScreenInTheatre(String) started at Sun Jul 09 00:06:47 IST 2023
2023-07-09 00:06:47 [http-nio-8083-exec-5] INFO  : Request to List com.theatreService.services.ScreenServiceImpl.getScreenInTheatre(String) started at Sun Jul 09 00:06:47 IST 2023
2023-07-09 00:06:47 [http-nio-8083-exec-5] INFO  : Request to List com.theatreService.services.ScreenServiceImpl.getScreenInTheatre(String) started at Sun Jul 09 00:06:47 IST 2023
2023-07-09 00:06:47 [http-nio-8083-exec-5] INFO  : Request to ResponseEntity com.theatreService.controller.TheatreController.getScreenInTheatre(String) started at Sun Jul 09 00:06:47 IST 2023
2023-07-09 00:07:42 [http-nio-8083-exec-6] INFO  : Request to ResponseEntity com.theatreService.controller.TheatreController.getTheatreInCity(String) started at Sun Jul 09 00:07:42 IST 2023
2023-07-09 00:07:42 [http-nio-8083-exec-6] INFO  : Request to List com.theatreService.services.TheatreServiceImpl.getTheatreInCity(String) started at Sun Jul 09 00:07:42 IST 2023
2023-07-09 00:07:42 [http-nio-8083-exec-6] INFO  : Request to List com.theatreService.services.TheatreServiceImpl.getTheatreInCity(String) started at Sun Jul 09 00:07:42 IST 2023
2023-07-09 00:07:42 [http-nio-8083-exec-6] INFO  : Request to ResponseEntity com.theatreService.controller.TheatreController.getTheatreInCity(String) started at Sun Jul 09 00:07:42 IST 2023
2023-07-09 00:09:11 [http-nio-8083-exec-9] INFO  : Request to ResponseEntity com.theatreService.controller.TheatreController.addScreen(String,Screen) started at Sun Jul 09 00:09:11 IST 2023
2023-07-09 00:09:11 [http-nio-8083-exec-9] INFO  : Request to void com.theatreService.services.ScreenServiceImpl.addScreen(String,Screen) started at Sun Jul 09 00:09:11 IST 2023
2023-07-09 00:09:11 [http-nio-8083-exec-9] INFO  : Request to void com.theatreService.services.ScreenServiceImpl.addScreen(String,Screen) started at Sun Jul 09 00:09:11 IST 2023
2023-07-09 00:09:11 [http-nio-8083-exec-9] INFO  : Request to ResponseEntity com.theatreService.controller.TheatreController.addScreen(String,Screen) started at Sun Jul 09 00:09:11 IST 2023
2023-07-09 00:09:18 [http-nio-8083-exec-10] INFO  : Request to ResponseEntity com.theatreService.controller.TheatreController.getScreenInTheatre(String) started at Sun Jul 09 00:09:18 IST 2023
2023-07-09 00:09:18 [http-nio-8083-exec-10] INFO  : Request to List com.theatreService.services.ScreenServiceImpl.getScreenInTheatre(String) started at Sun Jul 09 00:09:18 IST 2023
2023-07-09 00:09:18 [http-nio-8083-exec-10] INFO  : Request to List com.theatreService.services.ScreenServiceImpl.getScreenInTheatre(String) started at Sun Jul 09 00:09:18 IST 2023
2023-07-09 00:09:18 [http-nio-8083-exec-10] INFO  : Request to ResponseEntity com.theatreService.controller.TheatreController.getScreenInTheatre(String) started at Sun Jul 09 00:09:18 IST 2023
2023-07-09 00:09:42 [http-nio-8083-exec-2] INFO  : Request to ResponseEntity com.theatreService.controller.TheatreController.getScreenCountInTheatre(String) started at Sun Jul 09 00:09:42 IST 2023
2023-07-09 00:09:42 [http-nio-8083-exec-2] INFO  : Request to int com.theatreService.services.ScreenServiceImpl.getScreenCountInTheatre(String) started at Sun Jul 09 00:09:42 IST 2023
2023-07-09 00:09:42 [http-nio-8083-exec-2] INFO  : Request to int com.theatreService.services.ScreenServiceImpl.getScreenCountInTheatre(String) started at Sun Jul 09 00:09:42 IST 2023
2023-07-09 00:09:42 [http-nio-8083-exec-2] INFO  : Request to ResponseEntity com.theatreService.controller.TheatreController.getScreenCountInTheatre(String) started at Sun Jul 09 00:09:42 IST 2023
2023-07-09 00:10:17 [http-nio-8083-exec-1] INFO  : Request to ResponseEntity com.theatreService.controller.TheatreController.removeTheatreInCity(String,String) started at Sun Jul 09 00:10:17 IST 2023
2023-07-09 00:10:17 [http-nio-8083-exec-1] INFO  : Request to void com.theatreService.services.TheatreServiceImpl.removeTheatreInCity(String,String) started at Sun Jul 09 00:10:17 IST 2023
2023-07-09 00:10:17 [http-nio-8083-exec-1] INFO  : Request to void com.theatreService.services.TheatreServiceImpl.removeTheatreInCity(String,String) started at Sun Jul 09 00:10:17 IST 2023
2023-07-09 00:10:17 [http-nio-8083-exec-1] INFO  : Request to ResponseEntity com.theatreService.controller.TheatreController.removeTheatreInCity(String,String) started at Sun Jul 09 00:10:17 IST 2023
2023-07-09 00:10:32 [http-nio-8083-exec-3] INFO  : Request to ResponseEntity com.theatreService.controller.TheatreController.getScreenInTheatre(String) started at Sun Jul 09 00:10:32 IST 2023
2023-07-09 00:10:32 [http-nio-8083-exec-3] INFO  : Request to List com.theatreService.services.ScreenServiceImpl.getScreenInTheatre(String) started at Sun Jul 09 00:10:32 IST 2023
2023-07-09 00:10:32 [http-nio-8083-exec-3] INFO  : Request to List com.theatreService.services.ScreenServiceImpl.getScreenInTheatre(String) started at Sun Jul 09 00:10:32 IST 2023
2023-07-09 00:10:32 [http-nio-8083-exec-3] INFO  : Request to ResponseEntity com.theatreService.controller.TheatreController.getScreenInTheatre(String) started at Sun Jul 09 00:10:32 IST 2023
2023-07-09 00:11:00 [http-nio-8083-exec-4] INFO  : Request to ResponseEntity com.theatreService.controller.TheatreController.getTheatreInCity(String) started at Sun Jul 09 00:11:00 IST 2023
2023-07-09 00:11:00 [http-nio-8083-exec-4] INFO  : Request to List com.theatreService.services.TheatreServiceImpl.getTheatreInCity(String) started at Sun Jul 09 00:11:00 IST 2023
2023-07-09 00:11:00 [http-nio-8083-exec-4] INFO  : Request to List com.theatreService.services.TheatreServiceImpl.getTheatreInCity(String) started at Sun Jul 09 00:11:00 IST 2023
2023-07-09 00:11:00 [http-nio-8083-exec-4] INFO  : Request to ResponseEntity com.theatreService.controller.TheatreController.getTheatreInCity(String) started at Sun Jul 09 00:11:00 IST 2023
2023-07-09 00:11:56 [http-nio-8083-exec-5] INFO  : Request to ResponseEntity com.theatreService.controller.TheatreController.getAllCities() started at Sun Jul 09 00:11:56 IST 2023
2023-07-09 00:11:56 [http-nio-8083-exec-5] INFO  : Request to List com.theatreService.services.CityServiceImpl.getAllCity() started at Sun Jul 09 00:11:56 IST 2023
2023-07-09 00:11:56 [http-nio-8083-exec-5] INFO  : Request to List com.theatreService.services.CityServiceImpl.getAllCity() started at Sun Jul 09 00:11:56 IST 2023
2023-07-09 00:11:56 [http-nio-8083-exec-5] INFO  : Request to ResponseEntity com.theatreService.controller.TheatreController.getAllCities() started at Sun Jul 09 00:11:56 IST 2023
2023-07-09 00:12:08 [http-nio-8083-exec-6] INFO  : Request to ResponseEntity com.theatreService.controller.TheatreController.addCity(City) started at Sun Jul 09 00:12:08 IST 2023
2023-07-09 00:12:08 [http-nio-8083-exec-6] INFO  : Request to void com.theatreService.services.CityServiceImpl.addCity(City) started at Sun Jul 09 00:12:08 IST 2023
2023-07-09 00:12:08 [http-nio-8083-exec-6] INFO  : Request to void com.theatreService.services.CityServiceImpl.addCity(City) started at Sun Jul 09 00:12:08 IST 2023
2023-07-09 00:12:08 [http-nio-8083-exec-6] INFO  : Request to ResponseEntity com.theatreService.controller.TheatreController.addCity(City) started at Sun Jul 09 00:12:08 IST 2023
2023-07-09 00:12:27 [http-nio-8083-exec-7] INFO  : Request to ResponseEntity com.theatreService.controller.TheatreController.addCity(City) started at Sun Jul 09 00:12:27 IST 2023
2023-07-09 00:12:27 [http-nio-8083-exec-7] INFO  : Request to void com.theatreService.services.CityServiceImpl.addCity(City) started at Sun Jul 09 00:12:27 IST 2023
2023-07-09 00:12:27 [http-nio-8083-exec-7] INFO  : Request to void com.theatreService.services.CityServiceImpl.addCity(City) started at Sun Jul 09 00:12:27 IST 2023
2023-07-09 00:12:27 [http-nio-8083-exec-7] INFO  : Request to ResponseEntity com.theatreService.controller.TheatreController.addCity(City) started at Sun Jul 09 00:12:27 IST 2023
2023-07-09 00:12:39 [http-nio-8083-exec-8] INFO  : Request to ResponseEntity com.theatreService.controller.TheatreController.getAllCities() started at Sun Jul 09 00:12:39 IST 2023
2023-07-09 00:12:39 [http-nio-8083-exec-8] INFO  : Request to List com.theatreService.services.CityServiceImpl.getAllCity() started at Sun Jul 09 00:12:39 IST 2023
2023-07-09 00:12:39 [http-nio-8083-exec-8] INFO  : Request to List com.theatreService.services.CityServiceImpl.getAllCity() started at Sun Jul 09 00:12:39 IST 2023
2023-07-09 00:12:39 [http-nio-8083-exec-8] INFO  : Request to ResponseEntity com.theatreService.controller.TheatreController.getAllCities() started at Sun Jul 09 00:12:39 IST 2023
2023-07-09 00:13:13 [http-nio-8083-exec-9] INFO  : Request to ResponseEntity com.theatreService.controller.TheatreController.removeCity(String) started at Sun Jul 09 00:13:13 IST 2023
2023-07-09 00:13:13 [http-nio-8083-exec-9] INFO  : Request to void com.theatreService.services.CityServiceImpl.removeCity(String) started at Sun Jul 09 00:13:13 IST 2023
2023-07-09 00:13:14 [http-nio-8083-exec-9] INFO  : Request to void com.theatreService.services.CityServiceImpl.removeCity(String) started at Sun Jul 09 00:13:14 IST 2023
2023-07-09 00:13:14 [http-nio-8083-exec-9] INFO  : Request to ResponseEntity com.theatreService.controller.TheatreController.removeCity(String) started at Sun Jul 09 00:13:14 IST 2023
2023-07-09 00:13:20 [http-nio-8083-exec-10] INFO  : Request to ResponseEntity com.theatreService.controller.TheatreController.getAllCities() started at Sun Jul 09 00:13:20 IST 2023
2023-07-09 00:13:20 [http-nio-8083-exec-10] INFO  : Request to List com.theatreService.services.CityServiceImpl.getAllCity() started at Sun Jul 09 00:13:20 IST 2023
2023-07-09 00:13:20 [http-nio-8083-exec-10] INFO  : Request to List com.theatreService.services.CityServiceImpl.getAllCity() started at Sun Jul 09 00:13:20 IST 2023
2023-07-09 00:13:20 [http-nio-8083-exec-10] INFO  : Request to ResponseEntity com.theatreService.controller.TheatreController.getAllCities() started at Sun Jul 09 00:13:20 IST 2023
2023-07-09 00:14:07 [http-nio-8083-exec-2] INFO  : Request to ResponseEntity com.theatreService.controller.TheatreController.addTheatreInCity(String,Theatre) started at Sun Jul 09 00:14:07 IST 2023
2023-07-09 00:14:07 [http-nio-8083-exec-2] INFO  : Request to void com.theatreService.services.TheatreServiceImpl.addTheatreInCity(String,Theatre) started at Sun Jul 09 00:14:07 IST 2023
2023-07-09 00:14:07 [http-nio-8083-exec-2] INFO  : Request to void com.theatreService.services.TheatreServiceImpl.addTheatreInCity(String,Theatre) started at Sun Jul 09 00:14:07 IST 2023
2023-07-09 00:14:07 [http-nio-8083-exec-2] INFO  : Request to ResponseEntity com.theatreService.controller.TheatreController.addTheatreInCity(String,Theatre) started at Sun Jul 09 00:14:07 IST 2023
2023-07-09 00:14:27 [http-nio-8083-exec-1] INFO  : Request to ResponseEntity com.theatreService.controller.TheatreController.getTheatreInCity(String) started at Sun Jul 09 00:14:27 IST 2023
2023-07-09 00:14:27 [http-nio-8083-exec-1] INFO  : Request to List com.theatreService.services.TheatreServiceImpl.getTheatreInCity(String) started at Sun Jul 09 00:14:27 IST 2023
2023-07-09 00:14:27 [http-nio-8083-exec-1] INFO  : Request to List com.theatreService.services.TheatreServiceImpl.getTheatreInCity(String) started at Sun Jul 09 00:14:27 IST 2023
2023-07-09 00:14:27 [http-nio-8083-exec-1] INFO  : Request to ResponseEntity com.theatreService.controller.TheatreController.getTheatreInCity(String) started at Sun Jul 09 00:14:27 IST 2023
2023-07-09 00:15:36 [http-nio-8083-exec-5] INFO  : Request to ResponseEntity com.theatreService.controller.TheatreController.getTheatreInCity(String) started at Sun Jul 09 00:15:36 IST 2023
2023-07-09 00:15:36 [http-nio-8083-exec-5] INFO  : Request to List com.theatreService.services.TheatreServiceImpl.getTheatreInCity(String) started at Sun Jul 09 00:15:36 IST 2023
2023-07-09 00:15:36 [http-nio-8083-exec-5] INFO  : Request to List com.theatreService.services.TheatreServiceImpl.getTheatreInCity(String) started at Sun Jul 09 00:15:36 IST 2023
2023-07-09 00:15:36 [http-nio-8083-exec-5] INFO  : Request to ResponseEntity com.theatreService.controller.TheatreController.getTheatreInCity(String) started at Sun Jul 09 00:15:36 IST 2023
2023-07-09 00:15:57 [http-nio-8083-exec-6] INFO  : Request to ResponseEntity com.theatreService.controller.TheatreController.getScreenInTheatre(String) started at Sun Jul 09 00:15:57 IST 2023
2023-07-09 00:15:57 [http-nio-8083-exec-6] INFO  : Request to List com.theatreService.services.ScreenServiceImpl.getScreenInTheatre(String) started at Sun Jul 09 00:15:57 IST 2023
2023-07-09 00:15:57 [http-nio-8083-exec-6] INFO  : Request to List com.theatreService.services.ScreenServiceImpl.getScreenInTheatre(String) started at Sun Jul 09 00:15:57 IST 2023
2023-07-09 00:15:58 [http-nio-8083-exec-6] INFO  : Request to ResponseEntity com.theatreService.controller.TheatreController.getScreenInTheatre(String) started at Sun Jul 09 00:15:58 IST 2023
2023-07-09 00:16:04 [http-nio-8083-exec-7] INFO  : Request to ResponseEntity com.theatreService.controller.TheatreController.addScreen(String,Screen) started at Sun Jul 09 00:16:04 IST 2023
2023-07-09 00:16:04 [http-nio-8083-exec-7] INFO  : Request to void com.theatreService.services.ScreenServiceImpl.addScreen(String,Screen) started at Sun Jul 09 00:16:04 IST 2023
2023-07-09 00:16:04 [http-nio-8083-exec-7] INFO  : Request to void com.theatreService.services.ScreenServiceImpl.addScreen(String,Screen) started at Sun Jul 09 00:16:04 IST 2023
2023-07-09 00:16:04 [http-nio-8083-exec-7] INFO  : Request to ResponseEntity com.theatreService.controller.TheatreController.addScreen(String,Screen) started at Sun Jul 09 00:16:04 IST 2023
2023-07-09 00:16:17 [http-nio-8083-exec-8] INFO  : Request to ResponseEntity com.theatreService.controller.TheatreController.getScreenInTheatre(String) started at Sun Jul 09 00:16:17 IST 2023
2023-07-09 00:16:17 [http-nio-8083-exec-8] INFO  : Request to List com.theatreService.services.ScreenServiceImpl.getScreenInTheatre(String) started at Sun Jul 09 00:16:17 IST 2023
2023-07-09 00:16:17 [http-nio-8083-exec-8] INFO  : Request to List com.theatreService.services.ScreenServiceImpl.getScreenInTheatre(String) started at Sun Jul 09 00:16:17 IST 2023
2023-07-09 00:16:17 [http-nio-8083-exec-8] INFO  : Request to ResponseEntity com.theatreService.controller.TheatreController.getScreenInTheatre(String) started at Sun Jul 09 00:16:17 IST 2023
2023-07-09 00:16:29 [http-nio-8083-exec-9] INFO  : Request to ResponseEntity com.theatreService.controller.TheatreController.getScreenInTheatre(String) started at Sun Jul 09 00:16:29 IST 2023
2023-07-09 00:16:29 [http-nio-8083-exec-9] INFO  : Request to List com.theatreService.services.ScreenServiceImpl.getScreenInTheatre(String) started at Sun Jul 09 00:16:29 IST 2023
2023-07-09 00:16:29 [http-nio-8083-exec-9] INFO  : Request to List com.theatreService.services.ScreenServiceImpl.getScreenInTheatre(String) started at Sun Jul 09 00:16:29 IST 2023
2023-07-09 00:16:29 [http-nio-8083-exec-9] INFO  : Request to ResponseEntity com.theatreService.controller.TheatreController.getScreenInTheatre(String) started at Sun Jul 09 00:16:29 IST 2023
2023-07-09 00:16:43 [http-nio-8083-exec-10] INFO  : Request to ResponseEntity com.theatreService.controller.TheatreController.addScreen(String,Screen) started at Sun Jul 09 00:16:43 IST 2023
2023-07-09 00:16:43 [http-nio-8083-exec-10] INFO  : Request to void com.theatreService.services.ScreenServiceImpl.addScreen(String,Screen) started at Sun Jul 09 00:16:43 IST 2023
2023-07-09 00:16:43 [http-nio-8083-exec-10] INFO  : Request to void com.theatreService.services.ScreenServiceImpl.addScreen(String,Screen) started at Sun Jul 09 00:16:43 IST 2023
2023-07-09 00:16:43 [http-nio-8083-exec-10] INFO  : Request to ResponseEntity com.theatreService.controller.TheatreController.addScreen(String,Screen) started at Sun Jul 09 00:16:43 IST 2023
2023-07-09 00:16:54 [http-nio-8083-exec-2] INFO  : Request to ResponseEntity com.theatreService.controller.TheatreController.getScreenInTheatre(String) started at Sun Jul 09 00:16:54 IST 2023
2023-07-09 00:16:54 [http-nio-8083-exec-2] INFO  : Request to List com.theatreService.services.ScreenServiceImpl.getScreenInTheatre(String) started at Sun Jul 09 00:16:54 IST 2023
2023-07-09 00:16:54 [http-nio-8083-exec-2] INFO  : Request to List com.theatreService.services.ScreenServiceImpl.getScreenInTheatre(String) started at Sun Jul 09 00:16:54 IST 2023
2023-07-09 00:16:54 [http-nio-8083-exec-2] INFO  : Request to ResponseEntity com.theatreService.controller.TheatreController.getScreenInTheatre(String) started at Sun Jul 09 00:16:54 IST 2023
2023-07-09 00:17:11 [http-nio-8083-exec-1] INFO  : Request to ResponseEntity com.theatreService.controller.TheatreController.getScreenCountInTheatre(String) started at Sun Jul 09 00:17:11 IST 2023
2023-07-09 00:17:11 [http-nio-8083-exec-1] INFO  : Request to int com.theatreService.services.ScreenServiceImpl.getScreenCountInTheatre(String) started at Sun Jul 09 00:17:11 IST 2023
2023-07-09 00:17:11 [http-nio-8083-exec-1] INFO  : Request to int com.theatreService.services.ScreenServiceImpl.getScreenCountInTheatre(String) started at Sun Jul 09 00:17:11 IST 2023
2023-07-09 00:17:11 [http-nio-8083-exec-1] INFO  : Request to ResponseEntity com.theatreService.controller.TheatreController.getScreenCountInTheatre(String) started at Sun Jul 09 00:17:11 IST 2023
2023-07-09 00:17:34 [RMI TCP Connection(58)-127.0.0.1] INFO  : Application shutdown requested.
2023-07-09 00:17:34 [RMI TCP Connection(58)-127.0.0.1] INFO  : Pausing ProtocolHandler ["http-nio-8083"]
2023-07-09 00:17:34 [RMI TCP Connection(58)-127.0.0.1] INFO  : Stopping service [Tomcat]
2023-07-09 00:17:34 [RMI TCP Connection(58)-127.0.0.1] INFO  : Destroying Spring FrameworkServlet 'dispatcherServlet'
2023-07-09 00:17:34 [RMI TCP Connection(58)-127.0.0.1] INFO  : Stopping ProtocolHandler ["http-nio-8083"]
2023-07-09 00:17:34 [RMI TCP Connection(58)-127.0.0.1] INFO  : Destroying ProtocolHandler ["http-nio-8083"]
2023-07-09 00:17:34 [RMI TCP Connection(58)-127.0.0.1] INFO  : Closing JPA EntityManagerFactory for persistence unit 'default'
2023-07-09 00:17:34 [RMI TCP Connection(58)-127.0.0.1] INFO  : HikariPool-1 - Shutdown initiated...
2023-07-09 00:17:35 [RMI TCP Connection(58)-127.0.0.1] INFO  : HikariPool-1 - Shutdown completed.
