2023-07-04 11:50:28 [main] INFO  : Starting TheatreServiceApplication using Java 17.0.7 with PID 23192 (C:\Users\ANUSVERM\OneDrive - Capgemini\Documents\Challenge\theatre1\target\classes started by anusverm in C:\Users\ANUSVERM\OneDrive - Capgemini\Documents\Challenge\theatre1)
2023-07-04 11:50:28 [main] INFO  : The following 1 profile is active: "test"
2023-07-04 11:50:30 [main] INFO  : Bootstrapping Spring Data JPA repositories in DEFAULT mode.
2023-07-04 11:50:30 [main] INFO  : Finished Spring Data repository scanning in 177 ms. Found 3 JPA repository interfaces.
2023-07-04 11:50:32 [main] INFO  : Tomcat initialized with port(s): 8083 (http)
2023-07-04 11:50:32 [main] INFO  : Initializing ProtocolHandler ["http-nio-8083"]
2023-07-04 11:50:32 [main] INFO  : Starting service [Tomcat]
2023-07-04 11:50:32 [main] INFO  : Starting Servlet engine: [Apache Tomcat/10.1.10]
2023-07-04 11:50:32 [main] INFO  : Initializing Spring embedded WebApplicationContext
2023-07-04 11:50:32 [main] INFO  : Root WebApplicationContext: initialization completed in 3818 ms
2023-07-04 11:50:32 [main] INFO  : HHH000204: Processing PersistenceUnitInfo [name: default]
2023-07-04 11:50:33 [main] INFO  : HHH000412: Hibernate ORM core version 6.2.5.Final
2023-07-04 11:50:33 [main] INFO  : HHH000406: Using bytecode reflection optimizer
2023-07-04 11:50:33 [main] INFO  : HHH000021: Bytecode provider name : bytebuddy
2023-07-04 11:50:33 [main] INFO  : No LoadTimeWeaver setup: ignoring JPA class transformer
2023-07-04 11:50:33 [main] INFO  : HikariPool-1 - Starting...
2023-07-04 11:50:34 [main] INFO  : HikariPool-1 - Added connection com.mysql.cj.jdbc.ConnectionImpl@3c743d40
2023-07-04 11:50:34 [main] INFO  : HikariPool-1 - Start completed.
2023-07-04 11:50:34 [main] WARN  : HHH90000026: MySQL8Dialect has been deprecated; use org.hibernate.dialect.MySQLDialect instead
2023-07-04 11:50:35 [main] INFO  : HHH000021: Bytecode provider name : bytebuddy
2023-07-04 11:50:36 [main] INFO  : HHH000490: Using JtaPlatform implementation: [org.hibernate.engine.transaction.jta.platform.internal.NoJtaPlatform]
2023-07-04 11:50:36 [main] INFO  : Initialized JPA EntityManagerFactory for persistence unit 'default'
2023-07-04 11:50:37 [main] WARN  : spring.jpa.open-in-view is enabled by default. Therefore, database queries may be performed during view rendering. Explicitly configure spring.jpa.open-in-view to disable this warning
2023-07-04 11:50:38 [main] INFO  : Starting ProtocolHandler ["http-nio-8083"]
2023-07-04 11:50:38 [main] INFO  : Tomcat started on port(s): 8083 (http) with context path ''
2023-07-04 11:50:38 [main] INFO  : Started TheatreServiceApplication in 11.251 seconds (process running for 13.509)
2023-07-04 11:53:19 [main] INFO  : Starting TheatreServiceApplication using Java 17.0.7 with PID 17828 (C:\Users\ANUSVERM\OneDrive - Capgemini\Documents\Challenge\theatre1\target\classes started by anusverm in C:\Users\ANUSVERM\OneDrive - Capgemini\Documents\Challenge\theatre1)
2023-07-04 11:53:19 [main] INFO  : The following 1 profile is active: "test"
2023-07-04 11:53:21 [main] INFO  : Bootstrapping Spring Data JPA repositories in DEFAULT mode.
2023-07-04 11:53:21 [main] INFO  : Finished Spring Data repository scanning in 166 ms. Found 3 JPA repository interfaces.
2023-07-04 11:53:22 [main] INFO  : Tomcat initialized with port(s): 8083 (http)
2023-07-04 11:53:22 [main] INFO  : Initializing ProtocolHandler ["http-nio-8083"]
2023-07-04 11:53:22 [main] INFO  : Starting service [Tomcat]
2023-07-04 11:53:22 [main] INFO  : Starting Servlet engine: [Apache Tomcat/10.1.10]
2023-07-04 11:53:23 [main] INFO  : Initializing Spring embedded WebApplicationContext
2023-07-04 11:53:23 [main] INFO  : Root WebApplicationContext: initialization completed in 3073 ms
2023-07-04 11:53:23 [main] INFO  : HHH000204: Processing PersistenceUnitInfo [name: default]
2023-07-04 11:53:23 [main] INFO  : HHH000412: Hibernate ORM core version 6.2.5.Final
2023-07-04 11:53:23 [main] INFO  : HHH000406: Using bytecode reflection optimizer
2023-07-04 11:53:23 [main] INFO  : HHH000021: Bytecode provider name : bytebuddy
2023-07-04 11:53:24 [main] INFO  : No LoadTimeWeaver setup: ignoring JPA class transformer
2023-07-04 11:53:24 [main] INFO  : HikariPool-1 - Starting...
2023-07-04 11:53:25 [main] INFO  : HikariPool-1 - Added connection com.mysql.cj.jdbc.ConnectionImpl@1a67f8b4
2023-07-04 11:53:25 [main] INFO  : HikariPool-1 - Start completed.
2023-07-04 11:53:25 [main] WARN  : HHH90000026: MySQL8Dialect has been deprecated; use org.hibernate.dialect.MySQLDialect instead
2023-07-04 11:53:25 [main] INFO  : HHH000021: Bytecode provider name : bytebuddy
2023-07-04 11:53:27 [main] INFO  : HHH000490: Using JtaPlatform implementation: [org.hibernate.engine.transaction.jta.platform.internal.NoJtaPlatform]
2023-07-04 11:53:27 [main] INFO  : Initialized JPA EntityManagerFactory for persistence unit 'default'
2023-07-04 11:53:28 [main] WARN  : spring.jpa.open-in-view is enabled by default. Therefore, database queries may be performed during view rendering. Explicitly configure spring.jpa.open-in-view to disable this warning
2023-07-04 11:53:29 [main] INFO  : Starting ProtocolHandler ["http-nio-8083"]
2023-07-04 11:53:29 [main] WARN  : Exception encountered during context initialization - cancelling refresh attempt: org.springframework.context.ApplicationContextException: Failed to start bean 'webServerStartStop'
2023-07-04 11:53:29 [main] INFO  : Closing JPA EntityManagerFactory for persistence unit 'default'
2023-07-04 11:53:29 [main] INFO  : HikariPool-1 - Shutdown initiated...
2023-07-04 11:53:29 [main] INFO  : HikariPool-1 - Shutdown completed.
2023-07-04 11:53:29 [main] INFO  : Pausing ProtocolHandler ["http-nio-8083"]
2023-07-04 11:53:29 [main] INFO  : Stopping service [Tomcat]
2023-07-04 11:53:29 [main] INFO  : Stopping ProtocolHandler ["http-nio-8083"]
2023-07-04 11:53:29 [main] INFO  : Destroying ProtocolHandler ["http-nio-8083"]
2023-07-04 11:53:29 [main] INFO  : 

Error starting ApplicationContext. To display the condition evaluation report re-run your application with 'debug' enabled.
2023-07-04 11:53:29 [main] ERROR : 

***************************
APPLICATION FAILED TO START
***************************

Description:

Web server failed to start. Port 8083 was already in use.

Action:

Identify and stop the process that's listening on port 8083 or configure this application to listen on another port.

2023-07-04 11:53:55 [http-nio-8083-exec-1] INFO  : Initializing Spring DispatcherServlet 'dispatcherServlet'
2023-07-04 11:53:55 [http-nio-8083-exec-1] INFO  : Initializing Servlet 'dispatcherServlet'
2023-07-04 11:53:55 [http-nio-8083-exec-1] INFO  : Completed initialization in 2 ms
2023-07-04 11:53:55 [http-nio-8083-exec-1] INFO  : Request to ResponseEntity com.theatreService.controller.TheatreController.getScreenInTheatre(String) started at Tue Jul 04 11:53:55 IST 2023
2023-07-04 11:53:55 [http-nio-8083-exec-1] INFO  : Request to List com.theatreService.services.ScreenServiceImpl.getScreenInTheatre(String) started at Tue Jul 04 11:53:55 IST 2023
2023-07-04 11:53:55 [http-nio-8083-exec-1] INFO  : Request to List com.theatreService.services.ScreenServiceImpl.getScreenInTheatre(String) started at Tue Jul 04 11:53:55 IST 2023
2023-07-04 11:53:55 [http-nio-8083-exec-1] INFO  : Request to ResponseEntity com.theatreService.controller.TheatreController.getScreenInTheatre(String) started at Tue Jul 04 11:53:55 IST 2023
2023-07-04 11:55:16 [main] INFO  : Starting TheatreServiceApplication using Java 17.0.7 with PID 19380 (C:\Users\ANUSVERM\OneDrive - Capgemini\Documents\Challenge\theatre1\target\classes started by anusverm in C:\Users\ANUSVERM\OneDrive - Capgemini\Documents\Challenge\theatre1)
2023-07-04 11:55:16 [main] INFO  : The following 1 profile is active: "dev"
2023-07-04 11:55:18 [main] INFO  : Bootstrapping Spring Data JPA repositories in DEFAULT mode.
2023-07-04 11:55:18 [main] INFO  : Finished Spring Data repository scanning in 141 ms. Found 3 JPA repository interfaces.
2023-07-04 11:55:19 [main] INFO  : Tomcat initialized with port(s): 8083 (http)
2023-07-04 11:55:19 [main] INFO  : Initializing ProtocolHandler ["http-nio-8083"]
2023-07-04 11:55:19 [main] INFO  : Starting service [Tomcat]
2023-07-04 11:55:19 [main] INFO  : Starting Servlet engine: [Apache Tomcat/10.1.10]
2023-07-04 11:55:19 [main] INFO  : Initializing Spring embedded WebApplicationContext
2023-07-04 11:55:19 [main] INFO  : Root WebApplicationContext: initialization completed in 2793 ms
2023-07-04 11:55:20 [main] INFO  : HHH000204: Processing PersistenceUnitInfo [name: default]
2023-07-04 11:55:20 [main] INFO  : HHH000412: Hibernate ORM core version 6.2.5.Final
2023-07-04 11:55:20 [main] INFO  : HHH000406: Using bytecode reflection optimizer
2023-07-04 11:55:20 [main] INFO  : HHH000021: Bytecode provider name : bytebuddy
2023-07-04 11:55:20 [main] INFO  : No LoadTimeWeaver setup: ignoring JPA class transformer
2023-07-04 11:55:20 [main] INFO  : HikariPool-1 - Starting...
2023-07-04 11:55:21 [main] INFO  : HikariPool-1 - Added connection com.mysql.cj.jdbc.ConnectionImpl@49e62b17
2023-07-04 11:55:21 [main] INFO  : HikariPool-1 - Start completed.
2023-07-04 11:55:21 [main] WARN  : HHH90000026: MySQL8Dialect has been deprecated; use org.hibernate.dialect.MySQLDialect instead
2023-07-04 11:55:22 [main] INFO  : HHH000021: Bytecode provider name : bytebuddy
2023-07-04 11:55:24 [main] INFO  : HHH000490: Using JtaPlatform implementation: [org.hibernate.engine.transaction.jta.platform.internal.NoJtaPlatform]
2023-07-04 11:55:24 [main] INFO  : Initialized JPA EntityManagerFactory for persistence unit 'default'
2023-07-04 11:55:24 [main] WARN  : spring.jpa.open-in-view is enabled by default. Therefore, database queries may be performed during view rendering. Explicitly configure spring.jpa.open-in-view to disable this warning
2023-07-04 11:55:25 [main] INFO  : Starting ProtocolHandler ["http-nio-8083"]
2023-07-04 11:55:25 [main] WARN  : Exception encountered during context initialization - cancelling refresh attempt: org.springframework.context.ApplicationContextException: Failed to start bean 'webServerStartStop'
2023-07-04 11:55:25 [main] INFO  : Closing JPA EntityManagerFactory for persistence unit 'default'
2023-07-04 11:55:25 [main] INFO  : HikariPool-1 - Shutdown initiated...
2023-07-04 11:55:25 [main] INFO  : HikariPool-1 - Shutdown completed.
2023-07-04 11:55:25 [main] INFO  : Pausing ProtocolHandler ["http-nio-8083"]
2023-07-04 11:55:25 [main] INFO  : Stopping service [Tomcat]
2023-07-04 11:55:25 [main] INFO  : Stopping ProtocolHandler ["http-nio-8083"]
2023-07-04 11:55:25 [main] INFO  : Destroying ProtocolHandler ["http-nio-8083"]
2023-07-04 11:55:25 [main] INFO  : 

Error starting ApplicationContext. To display the condition evaluation report re-run your application with 'debug' enabled.
2023-07-04 11:55:25 [main] ERROR : 

***************************
APPLICATION FAILED TO START
***************************

Description:

Web server failed to start. Port 8083 was already in use.

Action:

Identify and stop the process that's listening on port 8083 or configure this application to listen on another port.

2023-07-04 11:55:32 [http-nio-8083-exec-5] INFO  : Request to ResponseEntity com.theatreService.controller.TheatreController.getScreenInTheatre(String) started at Tue Jul 04 11:55:32 IST 2023
2023-07-04 11:55:32 [http-nio-8083-exec-5] INFO  : Request to List com.theatreService.services.ScreenServiceImpl.getScreenInTheatre(String) started at Tue Jul 04 11:55:32 IST 2023
2023-07-04 11:55:32 [http-nio-8083-exec-5] INFO  : Request to List com.theatreService.services.ScreenServiceImpl.getScreenInTheatre(String) started at Tue Jul 04 11:55:32 IST 2023
2023-07-04 11:55:32 [http-nio-8083-exec-5] INFO  : Request to ResponseEntity com.theatreService.controller.TheatreController.getScreenInTheatre(String) started at Tue Jul 04 11:55:32 IST 2023
2023-07-04 11:56:23 [main] INFO  : Starting TheatreServiceApplication using Java 17.0.7 with PID 23632 (C:\Users\ANUSVERM\OneDrive - Capgemini\Documents\Challenge\theatre1\target\classes started by anusverm in C:\Users\ANUSVERM\OneDrive - Capgemini\Documents\Challenge\theatre1)
2023-07-04 11:56:23 [main] INFO  : The following 1 profile is active: "dev"
2023-07-04 11:56:25 [main] INFO  : Bootstrapping Spring Data JPA repositories in DEFAULT mode.
2023-07-04 11:56:25 [main] INFO  : Finished Spring Data repository scanning in 143 ms. Found 3 JPA repository interfaces.
2023-07-04 11:56:26 [main] INFO  : Tomcat initialized with port(s): 8080 (http)
2023-07-04 11:56:26 [main] INFO  : Initializing ProtocolHandler ["http-nio-8080"]
2023-07-04 11:56:26 [main] INFO  : Starting service [Tomcat]
2023-07-04 11:56:26 [main] INFO  : Starting Servlet engine: [Apache Tomcat/10.1.10]
2023-07-04 11:56:27 [main] INFO  : Initializing Spring embedded WebApplicationContext
2023-07-04 11:56:27 [main] INFO  : Root WebApplicationContext: initialization completed in 3180 ms
2023-07-04 11:56:27 [main] INFO  : HHH000204: Processing PersistenceUnitInfo [name: default]
2023-07-04 11:56:27 [main] INFO  : HHH000412: Hibernate ORM core version 6.2.5.Final
2023-07-04 11:56:27 [main] INFO  : HHH000406: Using bytecode reflection optimizer
2023-07-04 11:56:28 [main] INFO  : HHH000021: Bytecode provider name : bytebuddy
2023-07-04 11:56:28 [main] INFO  : No LoadTimeWeaver setup: ignoring JPA class transformer
2023-07-04 11:56:28 [main] INFO  : HikariPool-1 - Starting...
2023-07-04 11:56:29 [main] INFO  : HikariPool-1 - Added connection com.mysql.cj.jdbc.ConnectionImpl@6480a063
2023-07-04 11:56:29 [main] INFO  : HikariPool-1 - Start completed.
2023-07-04 11:56:29 [main] WARN  : HHH90000026: MySQL8Dialect has been deprecated; use org.hibernate.dialect.MySQLDialect instead
2023-07-04 11:56:30 [main] INFO  : HHH000021: Bytecode provider name : bytebuddy
2023-07-04 11:56:31 [main] INFO  : HHH000490: Using JtaPlatform implementation: [org.hibernate.engine.transaction.jta.platform.internal.NoJtaPlatform]
2023-07-04 11:56:32 [main] INFO  : Initialized JPA EntityManagerFactory for persistence unit 'default'
2023-07-04 11:56:32 [main] WARN  : spring.jpa.open-in-view is enabled by default. Therefore, database queries may be performed during view rendering. Explicitly configure spring.jpa.open-in-view to disable this warning
2023-07-04 11:56:33 [main] INFO  : Starting ProtocolHandler ["http-nio-8080"]
2023-07-04 11:56:33 [main] INFO  : Tomcat started on port(s): 8080 (http) with context path ''
2023-07-04 11:56:33 [main] INFO  : Started TheatreServiceApplication in 11.041 seconds (process running for 13.253)
2023-07-04 11:56:50 [http-nio-8083-exec-9] INFO  : Request to ResponseEntity com.theatreService.controller.TheatreController.getScreenInTheatre(String) started at Tue Jul 04 11:56:50 IST 2023
2023-07-04 11:56:50 [http-nio-8083-exec-9] INFO  : Request to List com.theatreService.services.ScreenServiceImpl.getScreenInTheatre(String) started at Tue Jul 04 11:56:50 IST 2023
2023-07-04 11:56:50 [http-nio-8083-exec-9] INFO  : Request to List com.theatreService.services.ScreenServiceImpl.getScreenInTheatre(String) started at Tue Jul 04 11:56:50 IST 2023
2023-07-04 11:56:50 [http-nio-8083-exec-9] INFO  : Request to ResponseEntity com.theatreService.controller.TheatreController.getScreenInTheatre(String) started at Tue Jul 04 11:56:50 IST 2023
2023-07-04 11:58:28 [main] WARN  : 

Found multiple occurrences of org.json.JSONObject on the class path:

	jar:file:/C:/Users/ANUSVERM/.m2/repository/org/json/json/20160810/json-20160810.jar!/org/json/JSONObject.class
	jar:file:/C:/Users/ANUSVERM/.m2/repository/com/vaadin/external/google/android-json/0.0.20131108.vaadin1/android-json-0.0.20131108.vaadin1.jar!/org/json/JSONObject.class

You may wish to exclude one of them to ensure predictable runtime behavior

2023-07-04 11:58:28 [main] INFO  : Starting TheatreServiceApplicationTests using Java 17.0.7 with PID 1788 (started by anusverm in C:\Users\ANUSVERM\OneDrive - Capgemini\Documents\Challenge\theatre1)
2023-07-04 11:58:28 [main] INFO  : The following 1 profile is active: "dev"
2023-07-04 11:58:29 [main] INFO  : Bootstrapping Spring Data JPA repositories in DEFAULT mode.
2023-07-04 11:58:30 [main] INFO  : Finished Spring Data repository scanning in 192 ms. Found 3 JPA repository interfaces.
2023-07-04 11:58:31 [main] INFO  : HHH000204: Processing PersistenceUnitInfo [name: default]
2023-07-04 11:58:31 [main] INFO  : HHH000412: Hibernate ORM core version 6.2.5.Final
2023-07-04 11:58:31 [main] INFO  : HHH000406: Using bytecode reflection optimizer
2023-07-04 11:58:32 [main] INFO  : HHH000021: Bytecode provider name : bytebuddy
2023-07-04 11:58:32 [main] INFO  : No LoadTimeWeaver setup: ignoring JPA class transformer
2023-07-04 11:58:32 [main] INFO  : HikariPool-1 - Starting...
2023-07-04 11:58:33 [main] INFO  : HikariPool-1 - Added connection com.mysql.cj.jdbc.ConnectionImpl@4fea5ee0
2023-07-04 11:58:33 [main] INFO  : HikariPool-1 - Start completed.
2023-07-04 11:58:34 [main] WARN  : HHH90000026: MySQL8Dialect has been deprecated; use org.hibernate.dialect.MySQLDialect instead
2023-07-04 11:58:34 [main] INFO  : HHH000021: Bytecode provider name : bytebuddy
2023-07-04 11:58:36 [main] INFO  : HHH000490: Using JtaPlatform implementation: [org.hibernate.engine.transaction.jta.platform.internal.NoJtaPlatform]
2023-07-04 11:58:36 [main] INFO  : Initialized JPA EntityManagerFactory for persistence unit 'default'
2023-07-04 11:58:38 [main] WARN  : spring.jpa.open-in-view is enabled by default. Therefore, database queries may be performed during view rendering. Explicitly configure spring.jpa.open-in-view to disable this warning
2023-07-04 11:58:39 [main] INFO  : Started TheatreServiceApplicationTests in 12.102 seconds (process running for 15.363)
2023-07-04 11:58:41 [SpringApplicationShutdownHook] INFO  : Closing JPA EntityManagerFactory for persistence unit 'default'
2023-07-04 11:58:41 [SpringApplicationShutdownHook] INFO  : HikariPool-1 - Shutdown initiated...
2023-07-04 11:58:41 [SpringApplicationShutdownHook] INFO  : HikariPool-1 - Shutdown completed.
2023-07-04 11:58:57 [main] INFO  : Starting TheatreServiceApplication using Java 17.0.7 with PID 11644 (C:\Users\ANUSVERM\OneDrive - Capgemini\Documents\Challenge\theatre1\target\classes started by anusverm in C:\Users\ANUSVERM\OneDrive - Capgemini\Documents\Challenge\theatre1)
2023-07-04 11:58:57 [main] INFO  : The following 1 profile is active: "dev"
2023-07-04 11:58:59 [main] INFO  : Bootstrapping Spring Data JPA repositories in DEFAULT mode.
2023-07-04 11:58:59 [main] INFO  : Finished Spring Data repository scanning in 159 ms. Found 3 JPA repository interfaces.
2023-07-04 11:59:00 [main] INFO  : Tomcat initialized with port(s): 8080 (http)
2023-07-04 11:59:00 [main] INFO  : Initializing ProtocolHandler ["http-nio-8080"]
2023-07-04 11:59:00 [main] INFO  : Starting service [Tomcat]
2023-07-04 11:59:00 [main] INFO  : Starting Servlet engine: [Apache Tomcat/10.1.10]
2023-07-04 11:59:00 [main] INFO  : Initializing Spring embedded WebApplicationContext
2023-07-04 11:59:00 [main] INFO  : Root WebApplicationContext: initialization completed in 2867 ms
2023-07-04 11:59:00 [main] INFO  : HHH000204: Processing PersistenceUnitInfo [name: default]
2023-07-04 11:59:01 [main] INFO  : HHH000412: Hibernate ORM core version 6.2.5.Final
2023-07-04 11:59:01 [main] INFO  : HHH000406: Using bytecode reflection optimizer
2023-07-04 11:59:01 [main] INFO  : HHH000021: Bytecode provider name : bytebuddy
2023-07-04 11:59:01 [main] INFO  : No LoadTimeWeaver setup: ignoring JPA class transformer
2023-07-04 11:59:01 [main] INFO  : HikariPool-1 - Starting...
2023-07-04 11:59:02 [main] INFO  : HikariPool-1 - Added connection com.mysql.cj.jdbc.ConnectionImpl@402f61f5
2023-07-04 11:59:02 [main] INFO  : HikariPool-1 - Start completed.
2023-07-04 11:59:02 [main] WARN  : HHH90000026: MySQL8Dialect has been deprecated; use org.hibernate.dialect.MySQLDialect instead
2023-07-04 11:59:03 [main] INFO  : HHH000021: Bytecode provider name : bytebuddy
2023-07-04 11:59:04 [main] INFO  : HHH000490: Using JtaPlatform implementation: [org.hibernate.engine.transaction.jta.platform.internal.NoJtaPlatform]
2023-07-04 11:59:04 [main] INFO  : Initialized JPA EntityManagerFactory for persistence unit 'default'
2023-07-04 11:59:05 [main] WARN  : spring.jpa.open-in-view is enabled by default. Therefore, database queries may be performed during view rendering. Explicitly configure spring.jpa.open-in-view to disable this warning
2023-07-04 11:59:06 [main] INFO  : Starting ProtocolHandler ["http-nio-8080"]
2023-07-04 11:59:06 [main] WARN  : Exception encountered during context initialization - cancelling refresh attempt: org.springframework.context.ApplicationContextException: Failed to start bean 'webServerStartStop'
2023-07-04 11:59:06 [main] INFO  : Closing JPA EntityManagerFactory for persistence unit 'default'
2023-07-04 11:59:06 [main] INFO  : HikariPool-1 - Shutdown initiated...
2023-07-04 11:59:06 [main] INFO  : HikariPool-1 - Shutdown completed.
2023-07-04 11:59:06 [main] INFO  : Pausing ProtocolHandler ["http-nio-8080"]
2023-07-04 11:59:06 [main] INFO  : Stopping service [Tomcat]
2023-07-04 11:59:06 [main] INFO  : Stopping ProtocolHandler ["http-nio-8080"]
2023-07-04 11:59:06 [main] INFO  : Destroying ProtocolHandler ["http-nio-8080"]
2023-07-04 11:59:06 [main] INFO  : 

Error starting ApplicationContext. To display the condition evaluation report re-run your application with 'debug' enabled.
2023-07-04 11:59:06 [main] ERROR : 

***************************
APPLICATION FAILED TO START
***************************

Description:

Web server failed to start. Port 8080 was already in use.

Action:

Identify and stop the process that's listening on port 8080 or configure this application to listen on another port.

2023-07-04 12:03:41 [http-nio-8083-exec-4] INFO  : Request to ResponseEntity com.theatreService.controller.TheatreController.getScreenInTheatre(String) started at Tue Jul 04 12:03:41 IST 2023
2023-07-04 12:03:41 [http-nio-8083-exec-4] INFO  : Request to List com.theatreService.services.ScreenServiceImpl.getScreenInTheatre(String) started at Tue Jul 04 12:03:41 IST 2023
2023-07-04 12:03:41 [http-nio-8083-exec-4] INFO  : Request to List com.theatreService.services.ScreenServiceImpl.getScreenInTheatre(String) started at Tue Jul 04 12:03:41 IST 2023
2023-07-04 12:03:41 [http-nio-8083-exec-4] INFO  : Request to ResponseEntity com.theatreService.controller.TheatreController.getScreenInTheatre(String) started at Tue Jul 04 12:03:41 IST 2023
2023-07-04 12:03:48 [http-nio-8080-exec-1] INFO  : Initializing Spring DispatcherServlet 'dispatcherServlet'
2023-07-04 12:03:48 [http-nio-8080-exec-1] INFO  : Initializing Servlet 'dispatcherServlet'
2023-07-04 12:03:48 [http-nio-8080-exec-1] INFO  : Completed initialization in 3 ms
2023-07-04 12:08:23 [RMI TCP Connection(21)-127.0.0.1] INFO  : Application shutdown requested.
2023-07-04 12:08:23 [RMI TCP Connection(21)-127.0.0.1] INFO  : Pausing ProtocolHandler ["http-nio-8083"]
2023-07-04 12:08:23 [RMI TCP Connection(21)-127.0.0.1] INFO  : Stopping service [Tomcat]
2023-07-04 12:08:23 [RMI TCP Connection(21)-127.0.0.1] INFO  : Destroying Spring FrameworkServlet 'dispatcherServlet'
2023-07-04 12:08:23 [RMI TCP Connection(21)-127.0.0.1] INFO  : Stopping ProtocolHandler ["http-nio-8083"]
2023-07-04 12:08:23 [RMI TCP Connection(21)-127.0.0.1] INFO  : Destroying ProtocolHandler ["http-nio-8083"]
2023-07-04 12:08:23 [RMI TCP Connection(21)-127.0.0.1] INFO  : Closing JPA EntityManagerFactory for persistence unit 'default'
2023-07-04 12:08:23 [RMI TCP Connection(21)-127.0.0.1] INFO  : HikariPool-1 - Shutdown initiated...
2023-07-04 12:08:23 [RMI TCP Connection(21)-127.0.0.1] INFO  : HikariPool-1 - Shutdown completed.
2023-07-04 12:08:24 [RMI TCP Connection(15)-127.0.0.1] INFO  : Application shutdown requested.
2023-07-04 12:08:24 [RMI TCP Connection(15)-127.0.0.1] INFO  : Pausing ProtocolHandler ["http-nio-8080"]
2023-07-04 12:08:24 [RMI TCP Connection(15)-127.0.0.1] INFO  : Stopping service [Tomcat]
2023-07-04 12:08:24 [RMI TCP Connection(15)-127.0.0.1] INFO  : Destroying Spring FrameworkServlet 'dispatcherServlet'
2023-07-04 12:08:24 [RMI TCP Connection(15)-127.0.0.1] INFO  : Stopping ProtocolHandler ["http-nio-8080"]
2023-07-04 12:08:24 [RMI TCP Connection(15)-127.0.0.1] INFO  : Destroying ProtocolHandler ["http-nio-8080"]
2023-07-04 12:08:24 [RMI TCP Connection(15)-127.0.0.1] INFO  : Closing JPA EntityManagerFactory for persistence unit 'default'
2023-07-04 12:08:24 [RMI TCP Connection(15)-127.0.0.1] INFO  : HikariPool-1 - Shutdown initiated...
2023-07-04 12:08:24 [RMI TCP Connection(15)-127.0.0.1] INFO  : HikariPool-1 - Shutdown completed.
2023-07-04 12:22:09 [main] INFO  : Starting TheatreServiceApplication using Java 17.0.7 with PID 11468 (C:\Users\ANUSVERM\OneDrive - Capgemini\Documents\Challenge\theatre1\target\classes started by anusverm in C:\Users\ANUSVERM\OneDrive - Capgemini\Documents\Challenge\theatre1)
2023-07-04 12:22:09 [main] INFO  : The following 1 profile is active: "dev"
2023-07-04 12:22:10 [main] INFO  : Bootstrapping Spring Data JPA repositories in DEFAULT mode.
2023-07-04 12:22:10 [main] INFO  : Finished Spring Data repository scanning in 150 ms. Found 3 JPA repository interfaces.
2023-07-04 12:22:12 [main] INFO  : Tomcat initialized with port(s): 8083 (http)
2023-07-04 12:22:12 [main] INFO  : Initializing ProtocolHandler ["http-nio-8083"]
2023-07-04 12:22:12 [main] INFO  : Starting service [Tomcat]
2023-07-04 12:22:12 [main] INFO  : Starting Servlet engine: [Apache Tomcat/10.1.10]
2023-07-04 12:22:12 [main] INFO  : Initializing Spring embedded WebApplicationContext
2023-07-04 12:22:12 [main] INFO  : Root WebApplicationContext: initialization completed in 3075 ms
2023-07-04 12:22:12 [main] INFO  : HHH000204: Processing PersistenceUnitInfo [name: default]
2023-07-04 12:22:12 [main] INFO  : HHH000412: Hibernate ORM core version 6.2.5.Final
2023-07-04 12:22:12 [main] INFO  : HHH000406: Using bytecode reflection optimizer
2023-07-04 12:22:13 [main] INFO  : HHH000021: Bytecode provider name : bytebuddy
2023-07-04 12:22:13 [main] INFO  : No LoadTimeWeaver setup: ignoring JPA class transformer
2023-07-04 12:22:13 [main] INFO  : HikariPool-1 - Starting...
2023-07-04 12:22:14 [main] INFO  : HikariPool-1 - Added connection com.mysql.cj.jdbc.ConnectionImpl@23bd2f6e
2023-07-04 12:22:14 [main] INFO  : HikariPool-1 - Start completed.
2023-07-04 12:22:14 [main] WARN  : HHH90000026: MySQL8Dialect has been deprecated; use org.hibernate.dialect.MySQLDialect instead
2023-07-04 12:22:14 [main] INFO  : HHH000021: Bytecode provider name : bytebuddy
2023-07-04 12:22:16 [main] INFO  : HHH000490: Using JtaPlatform implementation: [org.hibernate.engine.transaction.jta.platform.internal.NoJtaPlatform]
2023-07-04 12:22:16 [main] INFO  : Initialized JPA EntityManagerFactory for persistence unit 'default'
2023-07-04 12:22:17 [main] WARN  : spring.jpa.open-in-view is enabled by default. Therefore, database queries may be performed during view rendering. Explicitly configure spring.jpa.open-in-view to disable this warning
2023-07-04 12:22:18 [main] INFO  : Starting ProtocolHandler ["http-nio-8083"]
2023-07-04 12:22:18 [main] INFO  : Tomcat started on port(s): 8083 (http) with context path ''
2023-07-04 12:22:18 [main] INFO  : Started TheatreServiceApplication in 10.609 seconds (process running for 13.644)
2023-07-04 12:22:33 [http-nio-8083-exec-1] INFO  : Initializing Spring DispatcherServlet 'dispatcherServlet'
2023-07-04 12:22:33 [http-nio-8083-exec-1] INFO  : Initializing Servlet 'dispatcherServlet'
2023-07-04 12:22:33 [http-nio-8083-exec-1] INFO  : Completed initialization in 3 ms
2023-07-04 12:22:33 [http-nio-8083-exec-1] INFO  : Request to ResponseEntity com.theatreService.controller.TheatreController.getAllCities() started at Tue Jul 04 12:22:33 IST 2023
2023-07-04 12:22:33 [http-nio-8083-exec-1] INFO  : Request to List com.theatreService.services.CityServiceImpl.getAllCity() started at Tue Jul 04 12:22:33 IST 2023
2023-07-04 12:22:34 [http-nio-8083-exec-1] INFO  : Request to List com.theatreService.services.CityServiceImpl.getAllCity() started at Tue Jul 04 12:22:34 IST 2023
2023-07-04 12:22:34 [http-nio-8083-exec-1] INFO  : Request to ResponseEntity com.theatreService.controller.TheatreController.getAllCities() started at Tue Jul 04 12:22:34 IST 2023
2023-07-04 13:19:58 [HikariPool-1 housekeeper] WARN  : HikariPool-1 - Thread starvation or clock leap detected (housekeeper delta=4m13s378ms909µs700ns).
2023-07-04 13:47:52 [HikariPool-1 housekeeper] WARN  : HikariPool-1 - Thread starvation or clock leap detected (housekeeper delta=22m53s809ms925µs200ns).
2023-07-04 18:28:34 [HikariPool-1 housekeeper] WARN  : HikariPool-1 - Thread starvation or clock leap detected (housekeeper delta=4h40m42s123ms307µs500ns).
2023-07-04 19:54:41 [HikariPool-1 housekeeper] WARN  : HikariPool-1 - Thread starvation or clock leap detected (housekeeper delta=38m36s496ms493µs300ns).
